# JRE version: Java(TM) SE Runtime Environment (23.0+37) (build 23+37-2369)
# Java VM: Java HotSpot(TM) 64-Bit Server VM (23+37-2369, mixed mode, sharing, tiered, compressed oops, compressed class ptrs, g1 gc, windows-amd64)
GC Precious Log:
 CardTable entry size: 512
 Card Set container configuration: InlinePtr #cards 4 size 8 Array Of Cards #cards 16 size 48 Howl #buckets 8 coarsen threshold 3686 Howl Bitmap #cards 512 size 80 coarsen threshold 460 Card regions per heap region 1 cards per card region 4096
 CPUs: 12 total, 12 available
 Memory: 16159M
 Large Page Support: Disabled
 NUMA Support: Disabled
 Compressed Oops: Enabled (Zero based)
 Heap Region Size: 2M
 Heap Min Capacity: 8M
 Heap Initial Capacity: 254M
 Heap Max Capacity: 4040M
 Pre-touch: Disabled
 Parallel Workers: 10
 Concurrent Workers: 3
 Concurrent Refinement Workers: 10
 Periodic GC: Disabled
Heap:
 garbage-first heap   total reserved 4136960K, committed 237568K, used 144943K [0x0000000703800000, 0x0000000800000000)
  region size 2048K, 38 young (77824K), 3 survivors (6144K)
 Metaspace       used 33437K, committed 34048K, reserved 1114112K
  class space    used 3761K, committed 4032K, reserved 1048576K
GC Heap History (20 events):
Event: 14.091 GC heap before
{Heap before GC invocations=7 (full 0):
 garbage-first heap   total reserved 4136960K, committed 110592K, used 108621K [0x0000000703800000, 0x0000000800000000)
  region size 2048K, 44 young (90112K), 6 survivors (12288K)
 Metaspace       used 26453K, committed 26816K, reserved 1114112K
  class space    used 3091K, committed 3200K, reserved 1048576K
}
Event: 14.144 GC heap after
{Heap after GC invocations=8 (full 0):
 garbage-first heap   total reserved 4136960K, committed 145408K, used 51081K [0x0000000703800000, 0x0000000800000000)
  region size 2048K, 10 young (20480K), 10 survivors (20480K)
 Metaspace       used 26453K, committed 26816K, reserved 1114112K
  class space    used 3091K, committed 3200K, reserved 1048576K
}
Event: 15.241 GC heap before
{Heap before GC invocations=8 (full 0):
 garbage-first heap   total reserved 4136960K, committed 145408K, used 108425K [0x0000000703800000, 0x0000000800000000)
  region size 2048K, 38 young (77824K), 10 survivors (20480K)
 Metaspace       used 27745K, committed 28224K, reserved 1114112K
  class space    used 3168K, committed 3392K, reserved 1048576K
}
Event: 15.310 GC heap after
{Heap after GC invocations=9 (full 0):
 garbage-first heap   total reserved 4136960K, committed 145408K, used 59746K [0x0000000703800000, 0x0000000800000000)
  region size 2048K, 4 young (8192K), 4 survivors (8192K)
 Metaspace       used 27745K, committed 28224K, reserved 1114112K
  class space    used 3168K, committed 3392K, reserved 1048576K
}
Event: 16.949 GC heap before
{Heap before GC invocations=9 (full 0):
 garbage-first heap   total reserved 4136960K, committed 145408K, used 115042K [0x0000000703800000, 0x0000000800000000)
  region size 2048K, 31 young (63488K), 4 survivors (8192K)
 Metaspace       used 29735K, committed 30208K, reserved 1114112K
  class space    used 3408K, committed 3648K, reserved 1048576K
}
Event: 16.972 GC heap after
{Heap after GC invocations=10 (full 0):
 garbage-first heap   total reserved 4136960K, committed 145408K, used 62359K [0x0000000703800000, 0x0000000800000000)
  region size 2048K, 2 young (4096K), 2 survivors (4096K)
 Metaspace       used 29735K, committed 30208K, reserved 1114112K
  class space    used 3408K, committed 3648K, reserved 1048576K
}
Event: 17.931 GC heap before
{Heap before GC invocations=10 (full 0):
 garbage-first heap   total reserved 4136960K, committed 145408K, used 117655K [0x0000000703800000, 0x0000000800000000)
  region size 2048K, 29 young (59392K), 2 survivors (4096K)
 Metaspace       used 30192K, committed 30720K, reserved 1114112K
  class space    used 3455K, committed 3712K, reserved 1048576K
}
Event: 17.949 GC heap after
{Heap after GC invocations=11 (full 0):
 garbage-first heap   total reserved 4136960K, committed 176128K, used 64266K [0x0000000703800000, 0x0000000800000000)
  region size 2048K, 3 young (6144K), 3 survivors (6144K)
 Metaspace       used 30192K, committed 30720K, reserved 1114112K
  class space    used 3455K, committed 3712K, reserved 1048576K
}
Event: 18.766 GC heap before
{Heap before GC invocations=11 (full 0):
 garbage-first heap   total reserved 4136960K, committed 176128K, used 142090K [0x0000000703800000, 0x0000000800000000)
  region size 2048K, 41 young (83968K), 3 survivors (6144K)
 Metaspace       used 30404K, committed 31040K, reserved 1114112K
  class space    used 3478K, committed 3776K, reserved 1048576K
}
Event: 18.783 GC heap after
{Heap after GC invocations=12 (full 0):
 garbage-first heap   total reserved 4136960K, committed 176128K, used 67430K [0x0000000703800000, 0x0000000800000000)
  region size 2048K, 4 young (8192K), 4 survivors (8192K)
 Metaspace       used 30404K, committed 31040K, reserved 1114112K
  class space    used 3478K, committed 3776K, reserved 1048576K
}
Event: 19.370 GC heap before
{Heap before GC invocations=12 (full 0):
 garbage-first heap   total reserved 4136960K, committed 176128K, used 147302K [0x0000000703800000, 0x0000000800000000)
  region size 2048K, 43 young (88064K), 4 survivors (8192K)
 Metaspace       used 30474K, committed 31104K, reserved 1114112K
  class space    used 3483K, committed 3776K, reserved 1048576K
}
Event: 19.401 GC heap after
{Heap after GC invocations=13 (full 0):
 garbage-first heap   total reserved 4136960K, committed 176128K, used 71326K [0x0000000703800000, 0x0000000800000000)
  region size 2048K, 5 young (10240K), 5 survivors (10240K)
 Metaspace       used 30474K, committed 31104K, reserved 1114112K
  class space    used 3483K, committed 3776K, reserved 1048576K
}
Event: 19.918 GC heap before
{Heap before GC invocations=13 (full 0):
 garbage-first heap   total reserved 4136960K, committed 176128K, used 151198K [0x0000000703800000, 0x0000000800000000)
  region size 2048K, 44 young (90112K), 5 survivors (10240K)
 Metaspace       used 30544K, committed 31168K, reserved 1114112K
  class space    used 3486K, committed 3776K, reserved 1048576K
}
Event: 19.948 GC heap after
{Heap after GC invocations=14 (full 0):
 garbage-first heap   total reserved 4136960K, committed 176128K, used 74170K [0x0000000703800000, 0x0000000800000000)
  region size 2048K, 4 young (8192K), 4 survivors (8192K)
 Metaspace       used 30544K, committed 31168K, reserved 1114112K
  class space    used 3486K, committed 3776K, reserved 1048576K
}
Event: 20.461 GC heap before
{Heap before GC invocations=14 (full 0):
 garbage-first heap   total reserved 4136960K, committed 176128K, used 154042K [0x0000000703800000, 0x0000000800000000)
  region size 2048K, 43 young (88064K), 4 survivors (8192K)
 Metaspace       used 30625K, committed 31232K, reserved 1114112K
  class space    used 3486K, committed 3776K, reserved 1048576K
}
Event: 20.480 GC heap after
{Heap after GC invocations=15 (full 0):
 garbage-first heap   total reserved 4136960K, committed 237568K, used 73931K [0x0000000703800000, 0x0000000800000000)
  region size 2048K, 2 young (4096K), 2 survivors (4096K)
 Metaspace       used 30625K, committed 31232K, reserved 1114112K
  class space    used 3486K, committed 3776K, reserved 1048576K
}
Event: 21.265 GC heap before
{Heap before GC invocations=15 (full 0):
 garbage-first heap   total reserved 4136960K, committed 237568K, used 205003K [0x0000000703800000, 0x0000000800000000)
  region size 2048K, 66 young (135168K), 2 survivors (4096K)
 Metaspace       used 30684K, committed 31296K, reserved 1114112K
  class space    used 3487K, committed 3776K, reserved 1048576K
}
Event: 21.278 GC heap after
{Heap after GC invocations=16 (full 0):
 garbage-first heap   total reserved 4136960K, committed 237568K, used 74285K [0x0000000703800000, 0x0000000800000000)
  region size 2048K, 2 young (4096K), 2 survivors (4096K)
 Metaspace       used 30684K, committed 31296K, reserved 1114112K
  class space    used 3487K, committed 3776K, reserved 1048576K
}
Event: 23.724 GC heap before
{Heap before GC invocations=16 (full 0):
 garbage-first heap   total reserved 4136960K, committed 237568K, used 197165K [0x0000000703800000, 0x0000000800000000)
  region size 2048K, 62 young (126976K), 2 survivors (4096K)
 Metaspace       used 32924K, committed 33536K, reserved 1114112K
  class space    used 3723K, committed 4032K, reserved 1048576K
}
Event: 23.737 GC heap after
{Heap after GC invocations=17 (full 0):
 garbage-first heap   total reserved 4136960K, committed 237568K, used 75311K [0x0000000703800000, 0x0000000800000000)
  region size 2048K, 3 young (6144K), 3 survivors (6144K)
 Metaspace       used 32924K, committed 33536K, reserved 1114112K
  class space    used 3723K, committed 4032K, reserved 1048576K
}

