<?xml version="1.0" encoding="UTF-8"?>
<testsuite xmlns:xsi="http://www.w3.org/2001/XMLSchema-instance" xsi:noNamespaceSchemaLocation="https://maven.apache.org/surefire/maven-surefire-plugin/xsd/surefire-test-report-3.0.xsd" version="3.0" name="org.techhive.apigateway.ApiGatewayApplicationTests" time="20.828" tests="1" errors="0" skipped="0" failures="0">
  <properties>
[...]
</properties>
  <testcase name="contextLoads" classname="org.techhive.apigateway.ApiGatewayApplicationTests" time="2.854">
    <system-out><![CDATA[21:46:32.585 [main] INFO org.springframework.test.context.support.AnnotationConfigContextLoaderUtils -- Could not detect default configuration classes for test class [org.techhive.apigateway.ApiGatewayApplicationTests]: ApiGatewayApplicationTests does not declare any static, non-private, non-final, nested classes annotated with @Configuration.
21:46:32.971 [main] INFO org.springframework.boot.test.context.SpringBootTestContextBootstrapper -- Found @SpringBootConfiguration org.techhive.apigateway.ApiGatewayApplication for test class org.techhive.apigateway.ApiGatewayApplicationTests

  .   ____          _            __ _ _
 /\\ / ___'_ __ _ _(_)_ __  __ _ \ \ \ \
( ( )\___ | '_ | '_| | '_ \/ _` | \ \ \ \
 \\/  ___)| |_)| | | | | || (_| |  ) ) ) )
  '  |____| .__|_| |_|_| |_\__, | / / / /
 =========|_|==============|___/=/_/_/_/

 :: Spring Boot ::                (v3.3.6)

2026-02-11T21:46:35.739+01:00  INFO 30960 --- [api-gateway] [           main] o.t.a.ApiGatewayApplicationTests         : Starting ApiGatewayApplicationTests using Java 17.0.14 with PID 30960 (started by Lenovo in D:\tfakkarni\ESPRIT-PI-4SAE11-2026-Tfakkarni\backend\api-gateway)
2026-02-11T21:46:35.742+01:00  INFO 30960 --- [api-gateway] [           main] o.t.a.ApiGatewayApplicationTests         : No active profile set, falling back to 1 default profile: "default"
2026-02-11T21:46:39.545+01:00  INFO 30960 --- [api-gateway] [           main] o.s.cloud.context.scope.GenericScope     : BeanFactory id=f068e940-db54-3881-8324-2ec4865f91f4
2026-02-11T21:46:45.081+01:00 DEBUG 30960 --- [api-gateway] [           main] o.s.c.gateway.config.GatewayProperties   : Routes supplied from Gateway Properties: [RouteDefinition{id='user-service', predicates=[PredicateDefinition{name='Path', args={_genkey_0=/api/users/**}}], filters=[], uri=lb://user-service, order=0, metadata={}}]
2026-02-11T21:46:45.550+01:00  INFO 30960 --- [api-gateway] [           main] o.s.c.g.r.RouteDefinitionRouteLocator    : Loaded RoutePredicateFactory [After]
2026-02-11T21:46:45.550+01:00  INFO 30960 --- [api-gateway] [           main] o.s.c.g.r.RouteDefinitionRouteLocator    : Loaded RoutePredicateFactory [Before]
2026-02-11T21:46:45.550+01:00  INFO 30960 --- [api-gateway] [           main] o.s.c.g.r.RouteDefinitionRouteLocator    : Loaded RoutePredicateFactory [Between]
2026-02-11T21:46:45.550+01:00  INFO 30960 --- [api-gateway] [           main] o.s.c.g.r.RouteDefinitionRouteLocator    : Loaded RoutePredicateFactory [Cookie]
2026-02-11T21:46:45.551+01:00  INFO 30960 --- [api-gateway] [           main] o.s.c.g.r.RouteDefinitionRouteLocator    : Loaded RoutePredicateFactory [Header]
2026-02-11T21:46:45.551+01:00  INFO 30960 --- [api-gateway] [           main] o.s.c.g.r.RouteDefinitionRouteLocator    : Loaded RoutePredicateFactory [Host]
2026-02-11T21:46:45.551+01:00  INFO 30960 --- [api-gateway] [           main] o.s.c.g.r.RouteDefinitionRouteLocator    : Loaded RoutePredicateFactory [Method]
2026-02-11T21:46:45.551+01:00  INFO 30960 --- [api-gateway] [           main] o.s.c.g.r.RouteDefinitionRouteLocator    : Loaded RoutePredicateFactory [Path]
2026-02-11T21:46:45.551+01:00  INFO 30960 --- [api-gateway] [           main] o.s.c.g.r.RouteDefinitionRouteLocator    : Loaded RoutePredicateFactory [Query]
2026-02-11T21:46:45.552+01:00  INFO 30960 --- [api-gateway] [           main] o.s.c.g.r.RouteDefinitionRouteLocator    : Loaded RoutePredicateFactory [ReadBody]
2026-02-11T21:46:45.552+01:00  INFO 30960 --- [api-gateway] [           main] o.s.c.g.r.RouteDefinitionRouteLocator    : Loaded RoutePredicateFactory [RemoteAddr]
2026-02-11T21:46:45.552+01:00  INFO 30960 --- [api-gateway] [           main] o.s.c.g.r.RouteDefinitionRouteLocator    : Loaded RoutePredicateFactory [XForwardedRemoteAddr]
2026-02-11T21:46:45.552+01:00  INFO 30960 --- [api-gateway] [           main] o.s.c.g.r.RouteDefinitionRouteLocator    : Loaded RoutePredicateFactory [Weight]
2026-02-11T21:46:45.552+01:00  INFO 30960 --- [api-gateway] [           main] o.s.c.g.r.RouteDefinitionRouteLocator    : Loaded RoutePredicateFactory [CloudFoundryRouteService]
2026-02-11T21:46:47.492+01:00  INFO 30960 --- [api-gateway] [           main] DiscoveryClientOptionalArgsConfiguration : Eureka HTTP Client uses RestTemplate.
2026-02-11T21:46:47.579+01:00  WARN 30960 --- [api-gateway] [           main] iguration$LoadBalancerCaffeineWarnLogger : Spring Cloud LoadBalancer is currently working with the default cache. While this cache implementation is useful for development and tests, it's recommended to use Caffeine cache in production.You can switch to using Caffeine cache, by adding it and org.springframework.cache.caffeine.CaffeineCacheManager to the classpath.
2026-02-11T21:46:47.693+01:00  INFO 30960 --- [api-gateway] [           main] o.s.c.n.eureka.InstanceInfoFactory       : Setting initial instance status as: STARTING
2026-02-11T21:46:47.784+01:00  INFO 30960 --- [api-gateway] [           main] com.netflix.discovery.DiscoveryClient    : Initializing Eureka in region us-east-1
2026-02-11T21:46:47.795+01:00  INFO 30960 --- [api-gateway] [           main] c.n.d.s.r.aws.ConfigClusterResolver      : Resolving eureka endpoints via configuration
2026-02-11T21:46:47.857+01:00  INFO 30960 --- [api-gateway] [           main] com.netflix.discovery.DiscoveryClient    : Disable delta property : false
2026-02-11T21:46:47.858+01:00  INFO 30960 --- [api-gateway] [           main] com.netflix.discovery.DiscoveryClient    : Single vip registry refresh property : null
2026-02-11T21:46:47.858+01:00  INFO 30960 --- [api-gateway] [           main] com.netflix.discovery.DiscoveryClient    : Force full registry fetch : false
2026-02-11T21:46:47.858+01:00  INFO 30960 --- [api-gateway] [           main] com.netflix.discovery.DiscoveryClient    : Application is null : false
2026-02-11T21:46:47.858+01:00  INFO 30960 --- [api-gateway] [           main] com.netflix.discovery.DiscoveryClient    : Registered Applications size is zero : true
2026-02-11T21:46:47.859+01:00  INFO 30960 --- [api-gateway] [           main] com.netflix.discovery.DiscoveryClient    : Application version is -1: true
2026-02-11T21:46:47.859+01:00  INFO 30960 --- [api-gateway] [           main] com.netflix.discovery.DiscoveryClient    : Getting all instance registry info from the eureka server
2026-02-11T21:46:49.377+01:00  INFO 30960 --- [api-gateway] [           main] com.netflix.discovery.DiscoveryClient    : The response status is 200
2026-02-11T21:46:49.381+01:00  INFO 30960 --- [api-gateway] [           main] com.netflix.discovery.DiscoveryClient    : Starting heartbeat executor: renew interval is: 30
2026-02-11T21:46:49.387+01:00  INFO 30960 --- [api-gateway] [           main] c.n.discovery.InstanceInfoReplicator     : InstanceInfoReplicator onDemand update allowed rate per min is 4
2026-02-11T21:46:49.393+01:00  INFO 30960 --- [api-gateway] [           main] com.netflix.discovery.DiscoveryClient    : Discovery Client initialized at timestamp 1770842809390 with initial instances count: 1
2026-02-11T21:46:49.399+01:00  INFO 30960 --- [api-gateway] [           main] o.s.c.n.e.s.EurekaServiceRegistry        : Registering application API-GATEWAY with eureka with status UP
2026-02-11T21:46:49.400+01:00  INFO 30960 --- [api-gateway] [           main] com.netflix.discovery.DiscoveryClient    : Saw local status change event StatusChangeEvent [timestamp=1770842809400, current=UP, previous=STARTING]
2026-02-11T21:46:49.405+01:00  INFO 30960 --- [api-gateway] [foReplicator-%d] com.netflix.discovery.DiscoveryClient    : DiscoveryClient_API-GATEWAY/DESKTOP-I0BIKTH:api-gateway:9090: registering service...
2026-02-11T21:46:49.537+01:00  INFO 30960 --- [api-gateway] [foReplicator-%d] com.netflix.discovery.DiscoveryClient    : DiscoveryClient_API-GATEWAY/DESKTOP-I0BIKTH:api-gateway:9090 - registration status: 204
2026-02-11T21:46:49.643+01:00 DEBUG 30960 --- [api-gateway] [           main] o.s.c.g.r.RouteDefinitionRouteLocator    : RouteDefinition ReactiveCompositeDiscoveryClient_API-GATEWAY applying {pattern=/api-gateway/**} to Path
2026-02-11T21:46:49.741+01:00 DEBUG 30960 --- [api-gateway] [           main] o.s.c.g.r.RouteDefinitionRouteLocator    : RouteDefinition ReactiveCompositeDiscoveryClient_API-GATEWAY applying filter {_genkey_0=Access-Control-Allow-Credentials Access-Control-Allow-Origin} to DedupeResponseHeader
2026-02-11T21:46:49.788+01:00 DEBUG 30960 --- [api-gateway] [           main] o.s.c.g.r.RouteDefinitionRouteLocator    : RouteDefinition ReactiveCompositeDiscoveryClient_API-GATEWAY applying filter {regexp=/api-gateway/?(?<remaining>.*), replacement=/${remaining}} to RewritePath
2026-02-11T21:46:49.802+01:00 DEBUG 30960 --- [api-gateway] [           main] o.s.c.g.r.RouteDefinitionRouteLocator    : RouteDefinition matched: ReactiveCompositeDiscoveryClient_API-GATEWAY
2026-02-11T21:46:49.803+01:00 DEBUG 30960 --- [api-gateway] [           main] o.s.c.g.r.RouteDefinitionRouteLocator    : RouteDefinition user-service applying {_genkey_0=/api/users/**} to Path
2026-02-11T21:46:49.810+01:00 DEBUG 30960 --- [api-gateway] [           main] o.s.c.g.r.RouteDefinitionRouteLocator    : RouteDefinition user-service applying filter {_genkey_0=Access-Control-Allow-Credentials Access-Control-Allow-Origin} to DedupeResponseHeader
2026-02-11T21:46:49.818+01:00 DEBUG 30960 --- [api-gateway] [           main] o.s.c.g.r.RouteDefinitionRouteLocator    : RouteDefinition matched: user-service
2026-02-11T21:46:49.913+01:00 DEBUG 30960 --- [api-gateway] [           main] o.s.c.g.r.RouteDefinitionRouteLocator    : RouteDefinition ReactiveCompositeDiscoveryClient_API-GATEWAY applying {pattern=/api-gateway/**} to Path
2026-02-11T21:46:49.922+01:00 DEBUG 30960 --- [api-gateway] [           main] o.s.c.g.r.RouteDefinitionRouteLocator    : RouteDefinition ReactiveCompositeDiscoveryClient_API-GATEWAY applying filter {_genkey_0=Access-Control-Allow-Credentials Access-Control-Allow-Origin} to DedupeResponseHeader
2026-02-11T21:46:49.925+01:00 DEBUG 30960 --- [api-gateway] [           main] o.s.c.g.r.RouteDefinitionRouteLocator    : RouteDefinition ReactiveCompositeDiscoveryClient_API-GATEWAY applying filter {regexp=/api-gateway/?(?<remaining>.*), replacement=/${remaining}} to RewritePath
2026-02-11T21:46:49.928+01:00 DEBUG 30960 --- [api-gateway] [           main] o.s.c.g.r.RouteDefinitionRouteLocator    : RouteDefinition matched: ReactiveCompositeDiscoveryClient_API-GATEWAY
2026-02-11T21:46:49.929+01:00 DEBUG 30960 --- [api-gateway] [           main] o.s.c.g.r.RouteDefinitionRouteLocator    : RouteDefinition user-service applying {_genkey_0=/api/users/**} to Path
2026-02-11T21:46:49.947+01:00 DEBUG 30960 --- [api-gateway] [           main] o.s.c.g.r.RouteDefinitionRouteLocator    : RouteDefinition user-service applying filter {_genkey_0=Access-Control-Allow-Credentials Access-Control-Allow-Origin} to DedupeResponseHeader
2026-02-11T21:46:49.950+01:00 DEBUG 30960 --- [api-gateway] [           main] o.s.c.g.r.RouteDefinitionRouteLocator    : RouteDefinition matched: user-service
2026-02-11T21:46:49.966+01:00  INFO 30960 --- [api-gateway] [           main] o.t.a.ApiGatewayApplicationTests         : Started ApiGatewayApplicationTests in 16.399 seconds (process running for 20.232)
]]></system-out>
  </testcase>
</testsuite>